D:\Data\Kotonoha\x64\Debug\Kotonoha.exe
Kotonoha Project ver.0.0.1
========================================
SDL Version: 2.28.4
SDL_TTF Version: 2.20.2
SDL_Image Version: 2.6.3
SDL_Mixer Version: 2.6.3
ImGUI Version: 1.90 WIP
Avcodec Version: 60.3.100
Avformat Version: 60.3.100
Avutil Version: 58.2.100
Asslib Version: 24121344
This version as compile using MSVC Compile Build
SDL Video Driver: windows
System CPU cores: 8
System RAM: 10116
Start time: 2023-10-28 11:24:41
TPS deley set to: 4
The program as run on this path: "D:\\Data\\Kotonoha"
The script file is: 
The config file is: kotonoha.conf
Hardware video decoding is: 1
========================================

(Menu) - Entry point to menu
(Menu) - Menu out
Closing Kotonoha Project
========================================
Closing Kotonoha Project
========================================
D:\Data\Kotonoha\x64\Debug\Kotonoha.exe
Kotonoha Project ver.0.0.1
========================================
SDL Version: 2.28.4
SDL_TTF Version: 2.20.2
SDL_Image Version: 2.6.3
SDL_Mixer Version: 2.6.3
ImGUI Version: 1.90 WIP
Avcodec Version: 60.3.100
Avformat Version: 60.3.100
Avutil Version: 58.2.100
Asslib Version: 24121344
This version as compile using MSVC Compile Build
SDL Video Driver: windows
System CPU cores: 8
System RAM: 10116
Start time: 2023-10-28 11:24:48
TPS deley set to: 4
The program as run on this path: "D:\\Data\\Kotonoha"
The script file is: 
The config file is: kotonoha.conf
Hardware video decoding is: 1
========================================

(Menu) - Entry point to menu
(Menu) - Menu out
Closing Kotonoha Project
========================================
Closing Kotonoha Project
========================================
D:\Data\Kotonoha\x64\Debug\Kotonoha.exe
Kotonoha Project ver.0.0.1
========================================
SDL Version: 2.28.4
SDL_TTF Version: 2.20.2
SDL_Image Version: 2.6.3
SDL_Mixer Version: 2.6.3
ImGUI Version: 1.90 WIP
Avcodec Version: 60.3.100
Avformat Version: 60.3.100
Avutil Version: 58.2.100
Asslib Version: 24121344
This version as compile using MSVC Compile Build
SDL Video Driver: windows
System CPU cores: 8
System RAM: 10116
Start time: 2023-10-28 11:26:09
TPS deley set to: 4
The program as run on this path: "D:\\Data\\Kotonoha"
The script file is: 
The config file is: kotonoha.conf
Hardware video decoding is: 1
========================================

(Menu) - Entry point to menu
(Menu) - Menu out
Closing Kotonoha Project
========================================
Closing Kotonoha Project
========================================
D:\Data\Kotonoha\x64\Debug\Kotonoha.exe
Kotonoha Project ver.0.0.1
========================================
SDL Version: 2.28.4
SDL_TTF Version: 2.20.2
SDL_Image Version: 2.6.3
SDL_Mixer Version: 2.6.3
ImGUI Version: 1.90 WIP
Avcodec Version: 60.3.100
Avformat Version: 60.3.100
Avutil Version: 58.2.100
Asslib Version: 24121344
This version as compile using MSVC Compile Build
SDL Video Driver: windows
System CPU cores: 8
System RAM: 10116
Start time: 2023-10-28 11:26:35
TPS deley set to: 4
The program as run on this path: "D:\\Data\\Kotonoha"
The script file is: 
The config file is: kotonoha.conf
Hardware video decoding is: 1
========================================

(Menu) - Entry point to menu
(Menu) - Menu out
Closing Kotonoha Project
========================================
Closing Kotonoha Project
========================================
D:\Data\Kotonoha\x64\Debug\Kotonoha.exe
Kotonoha Project ver.0.0.1
========================================
SDL Version: 2.28.4
SDL_TTF Version: 2.20.2
SDL_Image Version: 2.6.3
SDL_Mixer Version: 2.6.3
ImGUI Version: 1.90 WIP
Avcodec Version: 60.3.100
Avformat Version: 60.3.100
Avutil Version: 58.2.100
Asslib Version: 24121344
This version as compile using MSVC Compile Build
SDL Video Driver: windows
System CPU cores: 8
System RAM: 10116
Start time: 2023-10-28 11:26:45
TPS deley set to: 4
The program as run on this path: "D:\\Data\\Kotonoha"
The script file is: 
The config file is: kotonoha.conf
Hardware video decoding is: 1
========================================

(Menu) - Entry point to menu
D:\Data\Kotonoha\x64\Debug\Kotonoha.exe
Kotonoha Project ver.0.0.1
========================================
SDL Version: 2.28.4
SDL_TTF Version: 2.20.2
SDL_Image Version: 2.6.3
SDL_Mixer Version: 2.6.3
ImGUI Version: 1.90 WIP
Avcodec Version: 60.3.100
Avformat Version: 60.3.100
Avutil Version: 58.2.100
Asslib Version: 24121344
This version as compile using MSVC Compile Build
SDL Video Driver: windows
System CPU cores: 8
System RAM: 10116
Start time: 2023-10-28 11:28:11
TPS deley set to: 4
The program as run on this path: "D:\\Data\\Kotonoha"
The script file is: 
The config file is: kotonoha.conf
Hardware video decoding is: 1
========================================

(Menu) - Entry point to menu
(Menu) - Menu out
Closing Kotonoha Project
========================================
Closing Kotonoha Project
========================================
D:\Data\Kotonoha\x64\Debug\Kotonoha.exe
Kotonoha Project ver.0.0.1
========================================
SDL Version: 2.28.4
SDL_TTF Version: 2.20.2
SDL_Image Version: 2.6.3
SDL_Mixer Version: 2.6.3
ImGUI Version: 1.90 WIP
Avcodec Version: 60.3.100
Avformat Version: 60.3.100
Avutil Version: 58.2.100
Asslib Version: 24121344
This version as compile using MSVC Compile Build
SDL Video Driver: windows
System CPU cores: 8
System RAM: 10116
Start time: 2023-10-28 11:28:19
TPS deley set to: 4
The program as run on this path: "D:\\Data\\Kotonoha"
The script file is: 
The config file is: kotonoha.conf
Hardware video decoding is: 1
========================================

(Menu) - Entry point to menu
D:\Data\Kotonoha\x64\Debug\Kotonoha.exe
Kotonoha Project ver.0.0.1
========================================
SDL Version: 2.28.4
SDL_TTF Version: 2.20.2
SDL_Image Version: 2.6.3
SDL_Mixer Version: 2.6.3
ImGUI Version: 1.90 WIP
Avcodec Version: 60.3.100
Avformat Version: 60.3.100
Avutil Version: 58.2.100
Asslib Version: 24121344
This version as compile using MSVC Compile Build
SDL Video Driver: windows
System CPU cores: 8
System RAM: 10116
Start time: 2023-10-28 11:30:03
TPS deley set to: 4
The program as run on this path: "D:\\Data\\Kotonoha"
The script file is: 
The config file is: kotonoha.conf
Hardware video decoding is: 1
========================================

(Menu) - Entry point to menu
(Menu) - Menu out
Closing Kotonoha Project
========================================
Closing Kotonoha Project
========================================
D:\Data\Kotonoha\x64\Debug\Kotonoha.exe
Kotonoha Project ver.0.0.1
========================================
SDL Version: 2.28.4
SDL_TTF Version: 2.20.2
SDL_Image Version: 2.6.3
SDL_Mixer Version: 2.6.3
ImGUI Version: 1.90 WIP
Avcodec Version: 60.3.100
Avformat Version: 60.3.100
Avutil Version: 58.2.100
Asslib Version: 24121344
This version as compile using MSVC Compile Build
SDL Video Driver: windows
System CPU cores: 8
System RAM: 10116
Start time: 2023-10-28 11:31:34
TPS deley set to: 4
The program as run on this path: "D:\\Data\\Kotonoha"
The script file is: 
The config file is: kotonoha.conf
Hardware video decoding is: 1
========================================

(Menu) - Entry point to menu
D:\Data\Kotonoha\x64\Debug\Kotonoha.exe
Kotonoha Project ver.0.0.1
========================================
SDL Version: 2.28.4
SDL_TTF Version: 2.20.2
SDL_Image Version: 2.6.3
SDL_Mixer Version: 2.6.3
ImGUI Version: 1.90 WIP
Avcodec Version: 60.3.100
Avformat Version: 60.3.100
Avutil Version: 58.2.100
Asslib Version: 24121344
This version as compile using MSVC Compile Build
SDL Video Driver: windows
System CPU cores: 8
System RAM: 10116
Start time: 2023-10-28 11:31:53
TPS deley set to: 4
The program as run on this path: "D:\\Data\\Kotonoha"
The script file is: 
The config file is: kotonoha.conf
Hardware video decoding is: 1
========================================

(Menu) - Entry point to menu
D:\Data\Kotonoha\x64\Debug\Kotonoha.exe
Kotonoha Project ver.0.0.1
========================================
SDL Version: 2.28.4
SDL_TTF Version: 2.20.2
SDL_Image Version: 2.6.3
SDL_Mixer Version: 2.6.3
ImGUI Version: 1.90 WIP
Avcodec Version: 60.3.100
Avformat Version: 60.3.100
Avutil Version: 58.2.100
Asslib Version: 24121344
This version as compile using MSVC Compile Build
SDL Video Driver: windows
System CPU cores: 8
System RAM: 10116
Start time: 2023-10-28 11:32:57
TPS deley set to: 4
The program as run on this path: "D:\\Data\\Kotonoha"
The script file is: 
The config file is: kotonoha.conf
Hardware video decoding is: 1
========================================

(Menu) - Entry point to menu
(Menu) - Menu out
(ORS - Pre) - Reading "D:\Data\Kotonoha\GameData\SchoolDays\Scripts\00\00-00-A00.ENG.ORS"
(ML) - Entry point to while
(Ui) - Start
(Image) - Start
(Image) - 0 Images to show
(Clock) - Start
(Audio) - Start
(Image) - End
(Audio) - 0 Audios to play
(Video) - Start
(Audio) - End Engine
(Video) - 0 Videos to play
(Video) - Decoder avaliable dxva2
(Video) - Decoder avaliable d3d11va
(Video) - Try init dxva2 has video decoder
(Text) - Start
(Text) - End
(Video) - Try using dxva2 has video decoder
(Video) - End
(Ui) - End
(ML) - Erro on loading ORS file
(ML) - End
(Menu) - Entry point to menu
(Menu) - Menu out
(ORS - Pre) - Reading D:\Data\Kotonoha\GameData\SchoolDays\Scripts\00\00-00-A00.ENG.ORS
(ORS) - Start
(ORS) - [PlaySe] Se00/00-00/00-00-A00/SE00-00-A00-002
(ORS) - [PlayMovie] Movie00/00-00/00-00-A00/00-00-A00-000
(ORS) - [PlaySe] Se00/00-00/00-00-A00/SE00-00-A00-001
(ORS) - [PlayMovie] Movie00/00-00/00-00-A00/00-00-A00-001
(ORS) - [PlaySe] Se00/00-00/00-00-A00/SE00-00-A00-003
(ORS) - [PlayMovie] Movie00/00-00/00-00-A00/00-00-A00-003
(ORS) - [PlayMovie] Movie00/00-00/00-00-A00/00-00-A00-004
(ORS) - [PlaySe] Se00/00-00/00-00-A00/SE00-00-A00-004
(ORS) - [PlayMovie] Movie00/00-00/00-00-A00/00-00-A00-005
(ORS) - [PlaySe] Se00/00-00/00-00-A00/SE00-00-A00-005
(ORS) - [PlaySe] Se00/00-00/00-00-A00/SE00-00-A00-006
(ORS) - [PlayMovie] Movie00/00-00/00-00-A00/00-00-A00-006
(ORS) - [PlaySe] Voice00/00-00/00-00-A00/00-00-A00-0090
(ORS) - [PlayBgm] BGM/SD_BGM/SDBGM07_INT
(ORS) - [PlayMovie] Movie00/00-00/00-00-A00/00-00-A00-007
(ORS) - Loading text to ASS data 
(ORS) - [PlayVoice] Voice00/00-00/00-00-A00/00-00-A00-0080
(ORS) - [PlaySe] Se00/00-00/00-00-A00/SE00-00-A00-008
(ORS) - Loading text to ASS data 
(ORS) - [PlayVoice] Voice00/00-00/00-00-A00/00-00-A00-0120
(ORS) - [PlaySe] Se00/00-00/00-00-A00/SE00-00-A00-009
(ORS) - [PlayMovie] Movie00/00-00/00-00-A00/00-00-A00-008
(ORS) - [PlaySe] Se00/00-00/00-00-A00/SE00-00-A00-007
(ORS) - [PlaySe] Se00/00-00/00-00-A00/SE00-00-A00-010
(ORS) - [PlayMovie] Movie00/00-00/00-00-A00/00-00-A00-009
(ORS) - Loading text to ASS data 
(ORS) - [PlayVoice] Voice00/00-00/00-00-A00/00-00-A00-0130
(ORS) - [PlayMovie] Movie00/00-00/00-00-A00/00-00-A00-010
(ORS) - Loading text to ASS data 
(ORS) - [PlayVoice] Voice00/00-00/00-00-A00/00-00-A00-0150
(ORS) - [PlaySe] Se00/00-00/00-00-A00/SE00-00-A00-003
(ORS) - [PlayMovie] Movie00/00-00/00-00-A00/00-00-A00-011
(ORS) - Loading text to ASS data 
(ORS) - [PlayVoice] Voice00/00-00/00-00-A00/00-00-A00-0160
(ORS) - Loading text to ASS data 
(ORS) - [PlayVoice] Voice00/00-00/00-00-A00/00-00-A00-0170
(ORS) - [PlaySe] Voice00/00-00/00-00-A00/00-00-A00-0210
(ORS) - [PlayMovie] Movie00/00-00/00-00-A00/00-00-A00-012
(ORS) - Loading text to ASS data 
(ORS) - [PlayVoice] Voice00/00-00/00-00-A00/00-00-A00-0200
(ORS) - [PlayMovie] Movie00/00-00/00-00-A00/00-00-A00-013
(ORS) - [PlaySe] Voice00/00-00/00-00-A00/00-00-A00-0190
(ORS) - [PlayMovie] Movie00/00-00/00-00-A00/00-00-A00-014
(ORS) - [PlayMovie] Movie00/00-00/00-00-A00/00-00-A00-015
(ORS) - [PlaySe] Se00/00-00/00-00-A00/SE00-00-A00-006
(ORS) - [PlayMovie] Movie00/00-00/00-00-A00/00-00-A00-016
(ORS) - Loading text to ASS data 
(ORS) - [PlayVoice] Voice00/00-00/00-00-A00/00-00-A00-0230
(ORS) - [PlayMovie] Movie00/00-00/00-00-A00/00-00-A00-017
(ORS) - [PlayMovie] Movie00/00-00/00-00-A00/00-00-A00-018
(ORS) - Loading text to ASS data 
(ORS) - Loading text to ASS data 
(ORS) - [PlayVoice] Voice00/00-00/00-00-A00/00-00-A00-0250
(ORS) - [PlayMovie] Movie00/00-00/00-00-A00/00-00-A00-019
(ORS) - Loading text to ASS data 
(ORS) - [PlayVoice] Voice00/00-00/00-00-A00/00-00-A00-0270
(ORS) - [PlaySe] Se00/00-00/00-00-A00/SE00-00-A00-011
(ORS) - [PlayMovie] Movie00/00-00/00-00-A00/00-00-A00-020
(ORS) - [PlayMovie] Movie00/00-00/00-00-A00/00-00-A00-021
(ORS) - [PlayMovie] Movie00/00-00/00-00-A00/00-00-A00-022
(ORS) - [PlaySe] Se00/00-00/00-00-A00/SE00-00-A00-012
(ORS) - End script in time 95.150000
(ORS) - End
(ML) - Entry point to while
(Image) - Start
(Audio) - Start
(Ui) - Start
(Video) - Start
(Clock) - Start
(Video) - 22 Videos to play
(Image) - 0 Images to show
(Audio) - 28 Audios to play
(Video) - Decoder avaliable dxva2
(Video) - Decoder avaliable d3d11va
(Video) - Try init dxva2 has video decoder
(Text) - Start
(Video) - Try using dxva2 has video decoder
(Video) - Playing GameData/SchoolDays/  Movie00/00-00/00-00-A00/00-00-A00-000.WMV
(Video) - Error on open file GameData/SchoolDays/  Se00/00-00/00-00-A00/SE00-00-A00-002.OGG
D:\Data\Kotonoha\x64\Debug\Kotonoha.exe
Kotonoha Project ver.0.0.1
========================================
SDL Version: 2.28.4
SDL_TTF Version: 2.20.2
SDL_Image Version: 2.6.3
SDL_Mixer Version: 2.6.3
ImGUI Version: 1.90 WIP
Avcodec Version: 60.3.100
Avformat Version: 60.3.100
Avutil Version: 58.2.100
Asslib Version: 24121344
This version as compile using MSVC Compile Build
SDL Video Driver: windows
System CPU cores: 8
System RAM: 10116
Start time: 2023-10-28 11:33:59
TPS deley set to: 4
The program as run on this path: "D:\\Data\\Kotonoha"
The script file is: 
The config file is: kotonoha.conf
Hardware video decoding is: 1
========================================

(Menu) - Entry point to menu
(Menu) - Menu out
(ORS - Pre) - Reading "D:\Data\Kotonoha\GameData\SchoolDays\Scripts\00\00-00-A00.ENG.ORS"
(ML) - Entry point to while
(Video) - Start
(Ui) - Start
(Audio) - Start
(Video) - 0 Videos to play(Image) - Start

(Audio) - 0 Audios to play
(Clock) - Start
(Audio) - End Engine
(Video) - Decoder avaliable dxva2
(Image) - 0 Images to show
(Image) - End
(Video) - Decoder avaliable d3d11va
(Video) - Try init dxva2 has video decoder
(Text) - Start
(Text) - End
(Ui) - End
(Video) - Try using dxva2 has video decoder
(Video) - End
(ML) - Erro on loading ORS file
(ML) - End
(Menu) - Entry point to menu
(Menu) - Menu out
(ORS - Pre) - Reading D:\Data\Kotonoha\GameData\SchoolDays\Scripts\00\00-00-A00.ENG.ORS
(ORS) - Start
(ORS) - [PlaySe] Se00/00-00/00-00-A00/SE00-00-A00-002
(ORS) - [PlayMovie] Movie00/00-00/00-00-A00/00-00-A00-000
(ORS) - [PlaySe] Se00/00-00/00-00-A00/SE00-00-A00-001
(ORS) - [PlayMovie] Movie00/00-00/00-00-A00/00-00-A00-001
(ORS) - [PlaySe] Se00/00-00/00-00-A00/SE00-00-A00-003
(ORS) - [PlayMovie] Movie00/00-00/00-00-A00/00-00-A00-003
(ORS) - [PlayMovie] Movie00/00-00/00-00-A00/00-00-A00-004
(ORS) - [PlaySe] Se00/00-00/00-00-A00/SE00-00-A00-004
(ORS) - [PlayMovie] Movie00/00-00/00-00-A00/00-00-A00-005
(ORS) - [PlaySe] Se00/00-00/00-00-A00/SE00-00-A00-005
(ORS) - [PlaySe] Se00/00-00/00-00-A00/SE00-00-A00-006
(ORS) - [PlayMovie] Movie00/00-00/00-00-A00/00-00-A00-006
(ORS) - [PlaySe] Voice00/00-00/00-00-A00/00-00-A00-0090
(ORS) - [PlayBgm] BGM/SD_BGM/SDBGM07_INT
(ORS) - [PlayMovie] Movie00/00-00/00-00-A00/00-00-A00-007
(ORS) - Loading text to ASS data 
(ORS) - [PlayVoice] Voice00/00-00/00-00-A00/00-00-A00-0080
(ORS) - [PlaySe] Se00/00-00/00-00-A00/SE00-00-A00-008
(ORS) - Loading text to ASS data 
(ORS) - [PlayVoice] Voice00/00-00/00-00-A00/00-00-A00-0120
(ORS) - [PlaySe] Se00/00-00/00-00-A00/SE00-00-A00-009
(ORS) - [PlayMovie] Movie00/00-00/00-00-A00/00-00-A00-008
(ORS) - [PlaySe] Se00/00-00/00-00-A00/SE00-00-A00-007
(ORS) - [PlaySe] Se00/00-00/00-00-A00/SE00-00-A00-010
(ORS) - [PlayMovie] Movie00/00-00/00-00-A00/00-00-A00-009
(ORS) - Loading text to ASS data 
(ORS) - [PlayVoice] Voice00/00-00/00-00-A00/00-00-A00-0130
(ORS) - [PlayMovie] Movie00/00-00/00-00-A00/00-00-A00-010
(ORS) - Loading text to ASS data 
(ORS) - [PlayVoice] Voice00/00-00/00-00-A00/00-00-A00-0150
(ORS) - [PlaySe] Se00/00-00/00-00-A00/SE00-00-A00-003
(ORS) - [PlayMovie] Movie00/00-00/00-00-A00/00-00-A00-011
(ORS) - Loading text to ASS data 
(ORS) - [PlayVoice] Voice00/00-00/00-00-A00/00-00-A00-0160
(ORS) - Loading text to ASS data 
(ORS) - [PlayVoice] Voice00/00-00/00-00-A00/00-00-A00-0170
(ORS) - [PlaySe] Voice00/00-00/00-00-A00/00-00-A00-0210
(ORS) - [PlayMovie] Movie00/00-00/00-00-A00/00-00-A00-012
(ORS) - Loading text to ASS data 
(ORS) - [PlayVoice] Voice00/00-00/00-00-A00/00-00-A00-0200
(ORS) - [PlayMovie] Movie00/00-00/00-00-A00/00-00-A00-013
(ORS) - [PlaySe] Voice00/00-00/00-00-A00/00-00-A00-0190
(ORS) - [PlayMovie] Movie00/00-00/00-00-A00/00-00-A00-014
(ORS) - [PlayMovie] Movie00/00-00/00-00-A00/00-00-A00-015
(ORS) - [PlaySe] Se00/00-00/00-00-A00/SE00-00-A00-006
(ORS) - [PlayMovie] Movie00/00-00/00-00-A00/00-00-A00-016
(ORS) - Loading text to ASS data 
(ORS) - [PlayVoice] Voice00/00-00/00-00-A00/00-00-A00-0230
(ORS) - [PlayMovie] Movie00/00-00/00-00-A00/00-00-A00-017
(ORS) - [PlayMovie] Movie00/00-00/00-00-A00/00-00-A00-018
(ORS) - Loading text to ASS data 
(ORS) - Loading text to ASS data 
(ORS) - [PlayVoice] Voice00/00-00/00-00-A00/00-00-A00-0250
(ORS) - [PlayMovie] Movie00/00-00/00-00-A00/00-00-A00-019
(ORS) - Loading text to ASS data 
(ORS) - [PlayVoice] Voice00/00-00/00-00-A00/00-00-A00-0270
(ORS) - [PlaySe] Se00/00-00/00-00-A00/SE00-00-A00-011
(ORS) - [PlayMovie] Movie00/00-00/00-00-A00/00-00-A00-020
(ORS) - [PlayMovie] Movie00/00-00/00-00-A00/00-00-A00-021
(ORS) - [PlayMovie] Movie00/00-00/00-00-A00/00-00-A00-022
(ORS) - [PlaySe] Se00/00-00/00-00-A00/SE00-00-A00-012
(ORS) - End script in time 95.150000
(ORS) - End
(ML) - Entry point to while
(Ui) - Start
(Image) - Start
(Audio) - Start
(Clock) - Start
(Image) - 0 Images to show
(Video) - Start
(Audio) - 28 Audios to play
(Video) - 22 Videos to play
(Video) - Decoder avaliable dxva2
(Video) - Decoder avaliable d3d11va
(Video) - Try init dxva2 has video decoder
(Text) - Start
(Video) - Try using dxva2 has video decoder
(Video) - Playing GameData/SchoolDays/Movie00/00-00/00-00-A00/00-00-A00-000.WMV
(Audio) - Loading... GameData/SchoolDays/Se00/00-00/00-00-A00/SE00-00-A00-002.OGG
(Audio) - Loading... GameData/SchoolDays/Se00/00-00/00-00-A00/SE00-00-A00-001.OGG
(Audio) - Loading... GameData/SchoolDays/Se00/00-00/00-00-A00/SE00-00-A00-003.OGG
(Audio) - Loading... GameData/SchoolDays/Se00/00-00/00-00-A00/SE00-00-A00-004.OGG
(Audio) - Loading... GameData/SchoolDays/Se00/00-00/00-00-A00/SE00-00-A00-005.OGG
(Audio) - Playing GameData/SchoolDays/Se00/00-00/00-00-A00/SE00-00-A00-002.OGG on channel 6
(Audio) - Playing GameData/SchoolDays/Se00/00-00/00-00-A00/SE00-00-A00-001.OGG on channel 7
(Audio) - Loading... GameData/SchoolDays/Se00/00-00/00-00-A00/SE00-00-A00-006.OGG
(Video) - Playing GameData/SchoolDays/Movie00/00-00/00-00-A00/00-00-A00-001.WMV
(Audio) - Playing GameData/SchoolDays/Se00/00-00/00-00-A00/SE00-00-A00-003.OGG on channel 8
(Audio) - Drop out... GameData/SchoolDays/Se00/00-00/00-00-A00/SE00-00-A00-002.OGG
(Audio) - Drop out... GameData/SchoolDays/Se00/00-00/00-00-A00/SE00-00-A00-001.OGG
(Audio) - Loading... GameData/SchoolDays/Voice00/00-00/00-00-A00/00-00-A00-0090.OGG
(Audio) - Loading... GameData/SchoolDays/Voice00/00-00/00-00-A00/00-00-A00-0080.OGG
(Video) - Playing GameData/SchoolDays/Movie00/00-00/00-00-A00/00-00-A00-003.WMV
(Audio) - Loading... GameData/SchoolDays/Se00/00-00/00-00-A00/SE00-00-A00-008.OGG
(Audio) - Loading... GameData/SchoolDays/Voice00/00-00/00-00-A00/00-00-A00-0120.OGG
(Audio) - Loading... GameData/SchoolDays/Se00/00-00/00-00-A00/SE00-00-A00-009.OGG
(Audio) - Loading... GameData/SchoolDays/Se00/00-00/00-00-A00/SE00-00-A00-007.OGG
(Video) - Playing GameData/SchoolDays/Movie00/00-00/00-00-A00/00-00-A00-004.WMV
(Audio) - Loading... GameData/SchoolDays/Se00/00-00/00-00-A00/SE00-00-A00-010.OGG
(Audio) - Loading... GameData/SchoolDays/Voice00/00-00/00-00-A00/00-00-A00-0130.OGG
(Audio) - Playing GameData/SchoolDays/Se00/00-00/00-00-A00/SE00-00-A00-004.OGG on channel 6
(Audio) - Drop out... GameData/SchoolDays/Se00/00-00/00-00-A00/SE00-00-A00-003.OGG
(Video) - Playing GameData/SchoolDays/Movie00/00-00/00-00-A00/00-00-A00-005.WMV
(Audio) - Loading... GameData/SchoolDays/Voice00/00-00/00-00-A00/00-00-A00-0150.OGG
(Audio) - Playing GameData/SchoolDays/Se00/00-00/00-00-A00/SE00-00-A00-005.OGG on channel 7
(Audio) - Playing GameData/SchoolDays/Se00/00-00/00-00-A00/SE00-00-A00-006.OGG on channel 8
(Audio) - Drop out... GameData/SchoolDays/Se00/00-00/00-00-A00/SE00-00-A00-004.OGG
(Video) - Playing GameData/SchoolDays/Movie00/00-00/00-00-A00/00-00-A00-006.WMV
(Audio) - Loading... GameData/SchoolDays/Se00/00-00/00-00-A00/SE00-00-A00-003.OGG
(Audio) - Loading... GameData/SchoolDays/Voice00/00-00/00-00-A00/00-00-A00-0160.OGG
(Audio) - Playing GameData/SchoolDays/Voice00/00-00/00-00-A00/00-00-A00-0090.OGG on channel 6
(Audio) - Playing Music GameData/SchoolDays/BGM/SD_BGM/SDBGM07_INT.OGG
(Audio) - Playing GameData/SchoolDays/Voice00/00-00/00-00-A00/00-00-A00-0080.OGG on channel 1
(Audio) - Drop out... GameData/SchoolDays/Se00/00-00/00-00-A00/SE00-00-A00-005.OGG
(Audio) - Drop out... GameData/SchoolDays/Voice00/00-00/00-00-A00/00-00-A00-0080.OGG
(Audio) - Loading... GameData/SchoolDays/Voice00/00-00/00-00-A00/00-00-A00-0170.OGG
(Video) - Playing GameData/SchoolDays/Movie00/00-00/00-00-A00/00-00-A00-007.WMV
(Audio) - Playing GameData/SchoolDays/Se00/00-00/00-00-A00/SE00-00-A00-008.OGG on channel 6
(Audio) - Drop out... GameData/SchoolDays/Voice00/00-00/00-00-A00/00-00-A00-0090.OGG
(Audio) - Loading... GameData/SchoolDays/Voice00/00-00/00-00-A00/00-00-A00-0210.OGG
(Audio) - Playing GameData/SchoolDays/Voice00/00-00/00-00-A00/00-00-A00-0120.OGG on channel 1
(Audio) - Playing GameData/SchoolDays/Se00/00-00/00-00-A00/SE00-00-A00-009.OGG on channel 7
(Audio) - Drop out... GameData/SchoolDays/Se00/00-00/00-00-A00/SE00-00-A00-008.OGG
(Audio) - Drop out... GameData/SchoolDays/Voice00/00-00/00-00-A00/00-00-A00-0120.OGG
(Audio) - Playing GameData/SchoolDays/Se00/00-00/00-00-A00/SE00-00-A00-007.OGG on channel 6
(Audio) - Drop out... GameData/SchoolDays/Se00/00-00/00-00-A00/SE00-00-A00-007.OGG
(Video) - Playing GameData/SchoolDays/Movie00/00-00/00-00-A00/00-00-A00-008.WMV
(Audio) - Playing GameData/SchoolDays/Se00/00-00/00-00-A00/SE00-00-A00-010.OGG on channel 6
(Audio) - Playing GameData/SchoolDays/Voice00/00-00/00-00-A00/00-00-A00-0130.OGG on channel 1
(Audio) - Drop out... GameData/SchoolDays/Se00/00-00/00-00-A00/SE00-00-A00-006.OGG
(Audio) - Drop out... GameData/SchoolDays/Se00/00-00/00-00-A00/SE00-00-A00-009.OGG
(Audio) - Loading... GameData/SchoolDays/Voice00/00-00/00-00-A00/00-00-A00-0200.OGG
(Video) - Playing GameData/SchoolDays/Movie00/00-00/00-00-A00/00-00-A00-009.WMV
(Audio) - Loading... GameData/SchoolDays/Voice00/00-00/00-00-A00/00-00-A00-0190.OGG
(Audio) - Playing GameData/SchoolDays/Voice00/00-00/00-00-A00/00-00-A00-0150.OGG on channel 1
(Audio) - Drop out... GameData/SchoolDays/Voice00/00-00/00-00-A00/00-00-A00-0130.OGG
(Video) - Playing GameData/SchoolDays/Movie00/00-00/00-00-A00/00-00-A00-010.WMV
(Audio) - Playing GameData/SchoolDays/Se00/00-00/00-00-A00/SE00-00-A00-003.OGG on channel 7
(Audio) - Drop out... GameData/SchoolDays/Voice00/00-00/00-00-A00/00-00-A00-0150.OGG
(Audio) - Loading... GameData/SchoolDays/Se00/00-00/00-00-A00/SE00-00-A00-006.OGG
(Audio) - Playing GameData/SchoolDays/Voice00/00-00/00-00-A00/00-00-A00-0160.OGG on channel 1
(Audio) - Loading... GameData/SchoolDays/Voice00/00-00/00-00-A00/00-00-A00-0230.OGG
(Audio) - Drop out... GameData/SchoolDays/Voice00/00-00/00-00-A00/00-00-A00-0160.OGG
(Audio) - Playing GameData/SchoolDays/Voice00/00-00/00-00-A00/00-00-A00-0170.OGG on channel 1
(Audio) - Playing GameData/SchoolDays/Voice00/00-00/00-00-A00/00-00-A00-0210.OGG on channel 8
(Audio) - Loading... GameData/SchoolDays/Voice00/00-00/00-00-A00/00-00-A00-0250.OGG
(Audio) - Drop out... GameData/SchoolDays/Se00/00-00/00-00-A00/SE00-00-A00-010.OGG
(Video) - End
(Ui) - End
(Audio) - End Engine
(Image) - End
D:\Data\Kotonoha\x64\Release\Kotonoha.exe
Kotonoha Project ver.0.0.1
========================================
SDL Version: 2.28.4
SDL_TTF Version: 2.20.2
SDL_Image Version: 2.6.3
SDL_Mixer Version: 2.6.3
ImGUI Version: 1.90 WIP
Avcodec Version: 60.3.100
Avformat Version: 60.3.100
Avutil Version: 58.2.100
Asslib Version: 24121344
This version as compile using MSVC Compile Build
SDL Video Driver: windows
System CPU cores: 8
System RAM: 10116
Start time: 2023-10-28 11:37:14
TPS deley set to: 4
The program as run on this path: "D:\\Data\\Kotonoha"
The script file is: 
The config file is: kotonoha.conf
Hardware video decoding is: 1
========================================

(Menu) - Entry point to menu
(Menu) - Menu out
Closing Kotonoha Project
========================================
Closing Kotonoha Project
========================================
D:\Data\Kotonoha\x64\Release\Kotonoha.exe
Kotonoha Project ver.0.0.1
========================================
SDL Version: 2.28.4
SDL_TTF Version: 2.20.2
SDL_Image Version: 2.6.3
SDL_Mixer Version: 2.6.3
ImGUI Version: 1.90 WIP
Avcodec Version: 60.3.100
Avformat Version: 60.3.100
Avutil Version: 58.2.100
Asslib Version: 24121344
This version as compile using MSVC Compile Build
SDL Video Driver: windows
System CPU cores: 8
System RAM: 10116
Start time: 2023-10-28 11:37:29
TPS deley set to: 4
The program as run on this path: "D:\\Data\\Kotonoha"
The script file is: GameData/SchoolDays/Scripts/00/00-00-A00.ENG.ORS
The config file is: kotonoha.conf
Hardware video decoding is: 1
========================================

(Menu) - Entry point to menu
(Menu) - Menu out
Closing Kotonoha Project
========================================
Closing Kotonoha Project
========================================
D:\Data\Kotonoha\x64\Debug\Kotonoha.exe
Kotonoha Project ver.0.0.1
========================================
SDL Version: 2.28.4
SDL_TTF Version: 2.20.2
SDL_Image Version: 2.6.3
SDL_Mixer Version: 2.6.3
ImGUI Version: 1.90 WIP
Avcodec Version: 60.3.100
Avformat Version: 60.3.100
Avutil Version: 58.2.100
Asslib Version: 24121344
This version as compile using MSVC Compile Build
SDL Video Driver: windows
System CPU cores: 8
System RAM: 10116
Start time: 2023-10-28 11:40:51
TPS deley set to: 4
The program as run on this path: "D:\\Data\\Kotonoha"
The script file is: 
The config file is: kotonoha.conf
Hardware video decoding is: 1
========================================

(Menu) - Entry point to menu
(Menu) - Menu out
Closing Kotonoha Project
========================================
Closing Kotonoha Project
========================================
D:\Data\Kotonoha\x64\Release\Kotonoha.exe
Kotonoha Project ver.0.0.1
========================================
SDL Version: 2.28.4
SDL_TTF Version: 2.20.2
SDL_Image Version: 2.6.3
SDL_Mixer Version: 2.6.3
ImGUI Version: 1.90 WIP
Avcodec Version: 60.3.100
Avformat Version: 60.3.100
Avutil Version: 58.2.100
Asslib Version: 24121344
This version as compile using MSVC Compile Build
SDL Video Driver: windows
System CPU cores: 8
System RAM: 10116
Start time: 2023-10-28 11:41:02
TPS deley set to: 4
The program as run on this path: "D:\\Data\\Kotonoha"
The script file is: GameData/SchoolDays/Scripts/00/00-00-A00.ENG.ORS
The config file is: kotonoha.conf
Hardware video decoding is: 1
========================================

(Menu) - Entry point to menu
(Menu) - Menu out
Closing Kotonoha Project
========================================
Closing Kotonoha Project
========================================
D:\Data\Kotonoha\x64\Debug\Kotonoha.exe
Kotonoha Project ver.0.0.1
========================================
SDL Version: 2.28.4
SDL_TTF Version: 2.20.2
SDL_Image Version: 2.6.3
SDL_Mixer Version: 2.6.3
ImGUI Version: 1.90 WIP
Avcodec Version: 60.3.100
Avformat Version: 60.3.100
Avutil Version: 58.2.100
Asslib Version: 24121344
This version as compile using MSVC Compile Build
SDL Video Driver: windows
System CPU cores: 8
System RAM: 10116
Start time: 2023-10-28 11:44:06
TPS deley set to: 4
The program as run on this path: "D:\\Data\\Kotonoha"
The script file is: 
The config file is: kotonoha.conf
Hardware video decoding is: 1
========================================

(Menu) - Entry point to menu
(Menu) - Menu out
Closing Kotonoha Project
========================================
Closing Kotonoha Project
========================================
D:\Data\Kotonoha\x64\Debug\Kotonoha.exe
Kotonoha Project ver.0.0.1
========================================
SDL Version: 2.28.4
SDL_TTF Version: 2.20.2
SDL_Image Version: 2.6.3
SDL_Mixer Version: 2.6.3
ImGUI Version: 1.90 WIP
Avcodec Version: 60.3.100
Avformat Version: 60.3.100
Avutil Version: 58.2.100
Asslib Version: 24121344
This version as compile using MSVC Compile Build
SDL Video Driver: windows
System CPU cores: 8
System RAM: 10116
Start time: 2023-10-28 11:44:57
TPS deley set to: 4
The program as run on this path: "D:\\Data\\Kotonoha"
The script file is: 
The config file is: kotonoha.conf
Hardware video decoding is: 1
========================================

(Menu) - Entry point to menu
(Menu) - Menu out
Closing Kotonoha Project
========================================
D:\Data\Kotonoha\x64\Debug\Kotonoha.exe
Kotonoha Project ver.0.0.1
========================================
SDL Version: 2.28.4
SDL_TTF Version: 2.20.2
SDL_Image Version: 2.6.3
SDL_Mixer Version: 2.6.3
ImGUI Version: 1.90 WIP
Avcodec Version: 60.3.100
Avformat Version: 60.3.100
Avutil Version: 58.2.100
Asslib Version: 24121344
This version as compile using MSVC Compile Build
SDL Video Driver: windows
System CPU cores: 8
System RAM: 10116
Start time: 2023-10-28 11:45:23
TPS deley set to: 4
The program as run on this path: "D:\\Data\\Kotonoha"
The script file is: 
The config file is: kotonoha.conf
Hardware video decoding is: 1
========================================

(Menu) - Entry point to menu
(Menu) - Menu out
Closing Kotonoha Project
========================================
Closing Kotonoha Project
========================================
D:\Data\Kotonoha\x64\Debug\Kotonoha.exe
Kotonoha Project ver.0.0.1
========================================
SDL Version: 2.28.4
SDL_TTF Version: 2.20.2
SDL_Image Version: 2.6.3
SDL_Mixer Version: 2.6.3
ImGUI Version: 1.90 WIP
Avcodec Version: 60.3.100
Avformat Version: 60.3.100
Avutil Version: 58.2.100
Asslib Version: 24121344
This version as compile using MSVC Compile Build
SDL Video Driver: windows
System CPU cores: 8
System RAM: 10116
Start time: 2023-10-28 11:45:52
TPS deley set to: 4
The program as run on this path: "D:\\Data\\Kotonoha"
The script file is: 
The config file is: kotonoha.conf
Hardware video decoding is: 1
========================================

(Menu) - Entry point to menu
(Menu) - Menu out
Closing Kotonoha Project
========================================
D:\Data\Kotonoha\x64\Debug\Kotonoha.exe
Kotonoha Project ver.0.0.1
========================================
SDL Version: 2.28.4
SDL_TTF Version: 2.20.2
SDL_Image Version: 2.6.3
SDL_Mixer Version: 2.6.3
ImGUI Version: 1.90 WIP
Avcodec Version: 60.3.100
Avformat Version: 60.3.100
Avutil Version: 58.2.100
Asslib Version: 24121344
This version as compile using MSVC Compile Build
SDL Video Driver: windows
System CPU cores: 8
System RAM: 10116
Start time: 2023-10-28 11:46:18
TPS deley set to: 4
The program as run on this path: "D:\\Data\\Kotonoha"
The script file is: 
The config file is: kotonoha.conf
Hardware video decoding is: 1
========================================

(Menu) - Entry point to menu
(Menu) - Menu out
Closing Kotonoha Project
========================================
D:\Data\Kotonoha\x64\Debug\Kotonoha.exe
Kotonoha Project ver.0.0.1
========================================
SDL Version: 2.28.4
SDL_TTF Version: 2.20.2
SDL_Image Version: 2.6.3
SDL_Mixer Version: 2.6.3
ImGUI Version: 1.90 WIP
Avcodec Version: 60.3.100
Avformat Version: 60.3.100
Avutil Version: 58.2.100
Asslib Version: 24121344
This version as compile using MSVC Compile Build
SDL Video Driver: windows
System CPU cores: 8
System RAM: 10116
Start time: 2023-10-28 11:47:02
TPS deley set to: 4
The program as run on this path: "D:\\Data\\Kotonoha"
The script file is: 
The config file is: kotonoha.conf
Hardware video decoding is: 1
========================================

(Menu) - Entry point to menu
(Menu) - Menu out
Closing Kotonoha Project
========================================
D:\Data\Kotonoha\MakeBuilds\Kotonoha.exe
Kotonoha Project ver.0.0.1
========================================
SDL Version: 2.28.4
SDL_TTF Version: 2.20.2
SDL_Image Version: 2.6.3
SDL_Mixer Version: 2.6.3
ImGUI Version: 1.90 WIP
Avcodec Version: 60.3.100
Avformat Version: 60.3.100
Avutil Version: 58.2.100
Asslib Version: 24121344
This version as compile using GNU Compile Build
SDL Video Driver: windows
System CPU cores: 8
System RAM: 10116
Start time: 2023-10-28 11:50:11
TPS deley set to: 4
The program as run on this path: "D:\\Data\\Kotonoha"
The script file is: 
The config file is: kotonoha.conf
Hardware video decoding is: 1
========================================

(Menu) - Entry point to menu
(Menu) - Menu out
(ORS - Pre) - Reading 
(ML) - Entry point to while
(ML) - Entry point to while
(Ui) - Start
(Clock) - Start
(Clock) - Start
nt to while
(Ui) - Start
(Audio) - Start
(Audio) - 0 Audios to play

(Ui) - Start
(Audio) - Start
(Video) - Start
(Audio) - 0 Audios to play
(Audio) - End Engine
 play

(Ui) - Start
(Audio) - Start
(Video) - Start
(Image) - Start
(Audio) - End Engine
(Video) - 0 Videos to play
(Image) - 0 Images to show
(Image) - End
ages to show
) - 0 Videos to play
 - Start
(Video) - Start
(Image) - Start
(Text) - Start
(Image) - End
ages to(Image) - End
(Video) - Decoder avaliable cuda
(Video) - Decoder avaliable dxva2
(Video) - Decoder avaliable qsv
(Video) - Decoder avaliable d3d11va
(Video) - Decoder avaliable vulkan
(Video) - Try init cuda has video decoder
(Text) - End
(Video) - Try init dxva2 has video decoder
(Ui) - End
(Video) - Try using dxva2 has video decoder
(Video) - End
(ML) - Erro on loading ORS file
(ML) - End
(Menu) - Entry point to menu
(Menu) - Menu out
Closing Kotonoha Project
========================================
